<?xml version="1.0" encoding="UTF-8"?>
<!-- Generated by org.testng.reporters.JUnitReportReporter -->
<testsuite hostname="Sri-K-Chaitanya" name="mypack.Notepad" tests="1" failures="0" timestamp="7 Nov 2015 17:06:02 GMT" time="0.700" errors="0">
  <testcase name="f" time="0.700" classname="mypack.Notepad"/>
</testsuite> <!-- mypack.Notepad -->
